09:30:56.924 [INFO] [BT] Web Bluetooth supported: true
09:30:56.938 [INFO] [UI] App mounted
09:31:02.381 [INFO] [UI] Scanning...
09:31:02.381 [INFO] [BT] === scanAndAdd() ===
09:31:02.381 [INFO] [BT] >>> requestDevice() called
09:31:02.381 [INFO] [BT] Web Bluetooth supported: true
09:31:02.381 [DEBUG] [BT] requestDevice filters: [{"namePrefix":"Headband"},{"namePrefix":"Headphone"},{"namePrefix":"BrainBit"}]
09:31:02.381 [DEBUG] [BT] requestDevice optionalServices: 7e400001-b534-f393-68a9-e50e24dcca95, 7e400001-b534-f393-68a9-e50e24dcca96
09:31:06.162 [SUCCESS] [BT] requestDevice resolved: name="Headband", id="cP6WYdwV+Ov3fk/330FIdA=="
09:31:06.162 [DEBUG] [BT] device.gatt = present (crucial!)
09:31:06.162 [INFO] [BT] Creating NeiryDevice for "Headband" (id=cP6WYdwV+Ov3fk/330FIdA==)
09:31:06.162 [DEBUG] [BT] detected deviceType: headband_pro
09:31:06.162 [DEBUG] [BT] serviceUUID: 7e400001-b534-f393-68a9-e50e24dcca95
09:31:06.162 [DEBUG] [BT] batteryUUID: 7e400002-b534-f393-68a9-e50e24dcca95
09:31:06.162 [DEBUG] [BT] writeUUID: 7e400003-b534-f393-68a9-e50e24dcca95
09:31:06.162 [DEBUG] [BT] notifyUUID: 7e400004-b534-f393-68a9-e50e24dcca95
09:31:06.163 [DEBUG] [BT] channels: O1, T3, T4, O2
09:31:06.163 [DEBUG] [BT] needsSettingsPacket: true
09:31:06.163 [DEBUG] [BT] voltageRange=2.4, gain=6
09:31:06.163 [SUCCESS] [BT] scanAndAdd: device "Headband" ready (state=disconnected)
09:31:06.163 [SUCCESS] [UI] Found: Headband
09:31:10.562 [INFO] [BT] === connect("Headband") ===
09:31:10.562 [DEBUG] [BT] "Headband" state: disconnected -> connecting
09:31:10.562 [INFO] [BT] Calling gatt.connect()...
09:31:18.376 [ERROR] [BT] connect("Headband") FAILED: Connection Error: Connection attempt failed.
09:31:18.376 [DEBUG] [BT] "Headband" state: connecting -> error
09:31:38.642 [INFO] [BT] Removing device "Headband"
09:31:40.104 [INFO] [UI] Scanning...
09:31:40.104 [INFO] [BT] === scanAndAdd() ===
09:31:40.104 [INFO] [BT] >>> requestDevice() called
09:31:40.105 [INFO] [BT] Web Bluetooth supported: true
09:31:40.105 [DEBUG] [BT] requestDevice filters: [{"namePrefix":"Headband"},{"namePrefix":"Headphone"},{"namePrefix":"BrainBit"}]
09:31:40.105 [DEBUG] [BT] requestDevice optionalServices: 7e400001-b534-f393-68a9-e50e24dcca95, 7e400001-b534-f393-68a9-e50e24dcca96
09:31:45.442 [SUCCESS] [BT] requestDevice resolved: name="Headband", id="cP6WYdwV+Ov3fk/330FIdA=="
09:31:45.442 [DEBUG] [BT] device.gatt = present (crucial!)
09:31:45.442 [INFO] [BT] Creating NeiryDevice for "Headband" (id=cP6WYdwV+Ov3fk/330FIdA==)
09:31:45.442 [DEBUG] [BT] detected deviceType: headband_pro
09:31:45.442 [DEBUG] [BT] serviceUUID: 7e400001-b534-f393-68a9-e50e24dcca95
09:31:45.442 [DEBUG] [BT] batteryUUID: 7e400002-b534-f393-68a9-e50e24dcca95
09:31:45.442 [DEBUG] [BT] writeUUID: 7e400003-b534-f393-68a9-e50e24dcca95
09:31:45.442 [DEBUG] [BT] notifyUUID: 7e400004-b534-f393-68a9-e50e24dcca95
09:31:45.442 [DEBUG] [BT] channels: O1, T3, T4, O2
09:31:45.442 [DEBUG] [BT] needsSettingsPacket: true
09:31:45.442 [DEBUG] [BT] voltageRange=2.4, gain=6
09:31:45.442 [SUCCESS] [BT] scanAndAdd: device "Headband" ready (state=disconnected)
09:31:45.442 [SUCCESS] [UI] Found: Headband
09:31:50.185 [INFO] [BT] === connect("Headband") ===
09:31:50.185 [DEBUG] [BT] "Headband" state: disconnected -> connecting
09:31:50.185 [INFO] [BT] Calling gatt.connect()...
09:31:50.779 [SUCCESS] [BT] gatt.connect() resolved OK
09:31:50.779 [DEBUG] [BT] "Headband" state: connecting -> connected
09:31:50.779 [INFO] [BT] Reading battery...
09:31:50.779 [DEBUG] [BT] readBattery: service=7e400001-b534-f393-68a9-e50e24dcca95
09:31:52.892 [DEBUG] [BT] readBattery: 5%
09:31:52.892 [INFO] [BT] Battery = 5%
09:31:52.892 [SUCCESS] [BT] connect("Headband"): SUCCESS
09:32:01.353 [INFO] [BT] === validateProtocol("Headband") ===
09:32:01.353 [INFO] [BT] Enumerating primary services...
09:32:01.359 [INFO] [BT] Found 1 services:
09:32:01.359 [DEBUG] [BT]   Service: 7e400001-b534-f393-68a9-e50e24dcca95
09:32:01.359 [SUCCESS] [BT]   => MATCH: primary service 7e400001-b534-f393-68a9-e50e24dcca95
09:32:01.365 [INFO] [BT] Getting all characteristics...
09:32:01.372 [INFO] [BT] Found 6 characteristics:
09:32:01.372 [DEBUG] [BT]   Char: 7e400002-b534-f393-68a9-e50e24dcca95 props={notify:true,read:true,write:false}
09:32:01.372 [SUCCESS] [BT]   => BATTERY char found
09:32:01.469 [SUCCESS] [BT]   => BATTERY read OK = 5%
09:32:01.469 [DEBUG] [BT]   Char: 7e400003-b534-f393-68a9-e50e24dcca95 props={notify:false,read:false,write:true}
09:32:01.469 [SUCCESS] [BT]   => WRITE char found, writeWorking=true
09:32:01.469 [DEBUG] [BT]   Char: 7e400004-b534-f393-68a9-e50e24dcca95 props={notify:true,read:false,write:false}
09:32:01.469 [SUCCESS] [BT]   => NOTIFY char found, notifyWorking=true
09:32:01.469 [DEBUG] [BT]   Char: 7e400005-b534-f393-68a9-e50e24dcca95 props={notify:true,read:false,write:false}
09:32:01.469 [DEBUG] [BT]   Char: 7e400007-b534-f393-68a9-e50e24dcca95 props={notify:true,read:false,write:false}
09:32:01.469 [DEBUG] [BT]   Char: 7e400008-b534-f393-68a9-e50e24dcca95 props={notify:true,read:false,write:false}
09:32:01.469 [INFO] [BT] validateProtocol result: service=true, chars=3/3
09:32:12.356 [INFO] [BT] === validateProtocol("Headband") ===
09:32:12.356 [INFO] [BT] Enumerating primary services...
09:32:12.363 [INFO] [BT] Found 1 services:
09:32:12.363 [DEBUG] [BT]   Service: 7e400001-b534-f393-68a9-e50e24dcca95
09:32:12.363 [SUCCESS] [BT]   => MATCH: primary service 7e400001-b534-f393-68a9-e50e24dcca95
09:32:12.365 [INFO] [BT] Getting all characteristics...
09:32:12.366 [INFO] [BT] Found 6 characteristics:
09:32:12.366 [DEBUG] [BT]   Char: 7e400002-b534-f393-68a9-e50e24dcca95 props={notify:true,read:true,write:false}
09:32:12.366 [SUCCESS] [BT]   => BATTERY char found
09:32:12.449 [SUCCESS] [BT]   => BATTERY read OK = 5%
09:32:12.449 [DEBUG] [BT]   Char: 7e400003-b534-f393-68a9-e50e24dcca95 props={notify:false,read:false,write:true}
09:32:12.449 [SUCCESS] [BT]   => WRITE char found, writeWorking=true
09:32:12.449 [DEBUG] [BT]   Char: 7e400004-b534-f393-68a9-e50e24dcca95 props={notify:true,read:false,write:false}
09:32:12.449 [SUCCESS] [BT]   => NOTIFY char found, notifyWorking=true
09:32:12.449 [DEBUG] [BT]   Char: 7e400005-b534-f393-68a9-e50e24dcca95 props={notify:true,read:false,write:false}
09:32:12.449 [DEBUG] [BT]   Char: 7e400007-b534-f393-68a9-e50e24dcca95 props={notify:true,read:false,write:false}
09:32:12.449 [DEBUG] [BT]   Char: 7e400008-b534-f393-68a9-e50e24dcca95 props={notify:true,read:false,write:false}
09:32:12.449 [INFO] [BT] validateProtocol result: service=true, chars=3/3
09:32:20.410 [INFO] [BT] === startSignal("Headband") ===
09:32:20.410 [INFO] [BT] Getting primary service: 7e400001-b534-f393-68a9-e50e24dcca95
09:32:20.413 [SUCCESS] [BT] Primary service acquired
09:32:20.413 [INFO] [BT] Getting notify char: 7e400004-b534-f393-68a9-e50e24dcca95
09:32:20.415 [SUCCESS] [BT] Notify characteristic acquired
09:32:20.415 [DEBUG] [BT] notify properties: notify=true, read=false
09:32:20.415 [INFO] [BT] Getting write char: 7e400003-b534-f393-68a9-e50e24dcca95
09:32:20.415 [SUCCESS] [BT] Write characteristic acquired
09:32:20.415 [DEBUG] [BT] write properties: write=true, writeWithoutResponse=false
09:32:20.415 [INFO] [BT] Calling startNotifications() on notify char...
09:32:20.490 [SUCCESS] [BT] Notifications started
09:32:20.490 [INFO] [BT] Notify listener attached
09:32:20.490 [INFO] [BT] Startup sequence has 4 steps:
09:32:20.491 [INFO] [BT]   Step 1: 0x01 (delay=1200ms)
09:32:20.491 [INFO] [BT]   Step 2: 0x02 (delay=50ms)
09:32:20.491 [INFO] [BT]   Step 3: 0x08 0x01 0x03 0x01 0x03 0x01 0x03 0x01 0x03 0x01 0x01 0x01 0x01 0x01 (delay=50ms)
09:32:20.491 [INFO] [BT]   Step 4: 0x03 (delay=0ms)
09:32:20.491 [TX] [BT] Write [0x01]
09:32:20.609 [SUCCESS] [BT] Write step 1 OK
09:32:20.609 [DEBUG] [BT] Sleeping 1200ms...
09:32:21.813 [TX] [BT] Write [0x02]
09:32:21.929 [SUCCESS] [BT] Write step 2 OK
09:32:21.929 [DEBUG] [BT] Sleeping 50ms...
09:32:21.981 [TX] [BT] Write [0x08 0x01 0x03 0x01 0x03 0x01 0x03 0x01 0x03 0x01 0x01 0x01 0x01 0x01]
09:32:22.049 [SUCCESS] [BT] Write step 3 OK
09:32:22.049 [DEBUG] [BT] Sleeping 50ms...
09:32:22.101 [TX] [BT] Write [0x03]
09:32:22.169 [SUCCESS] [BT] Write step 4 OK
09:32:22.169 [SUCCESS] [BT] startSignal("Headband"): SUCCESS — streaming active
09:32:22.590 [RX] [EEG] Raw data: 00 00 00 00 00 3a 14 fd 8e 98 d8 08 e8 5a b2 b5 2c 00 ff ff 7f ff ff 7f 00 00 80 00 00 80 00 ff ff 7f cc 49 66 ca a3 a0 00 00 80 00 94 2c d4 50 e3 e9 ff ff 7f 95 0c 3d 00 4c 06 a5 0c 0e ca ff ff 7f ff ff 7f 00 13 81 0f 0c f8 f5 08 02 5a 5c 6d 23 00 ff ff 7f ea 03 4e c7 4a 83 00 00 80 00 16 71 70 7c d6 37 b4 ba a5 54 ba 86 (108 bytes)
09:32:50.369 [RX] [EEG] Raw data: 80 13 00 00 00 8c 59 43 eb 23 20 a4 32 fb 90 ae f7 00 31 67 20 6e 78 11 d7 bd 3f 4d df 19 00 fb 77 fd 27 94 fc ff ff 7f 7a 95 5f 00 6d 24 fd cc da fa ff ff 7f e2 55 5d 00 f5 76 26 d4 35 11 23 b2 3d f5 b5 27 00 ec 58 43 69 1e 20 c2 37 fb db d6 f7 00 e3 be 20 2c a5 11 7c b0 3e 54 e2 18 00 bc 83 fd 2b a4 fc ff ff 7f fa 23 5f (108 bytes)
09:32:50.369 [DEBUG] [EEG] Packet #-268279808 marker=0x0 samples={O1:-210888.8uV, T3:136389.0uV, T4:-6.2uV, O2:-18318.2uV}
09:32:50.548 [RX] [EEG] Raw data: 88 13 00 00 00 5e e1 fc ac bd fa ff ff 7f 48 03 5e 00 1d bc 25 b9 d0 10 6b 1d 3f e1 7b 28 00 0a 6a 43 3e 1e 20 1f 33 fb 64 1b f8 00 38 33 21 a3 dc 11 a3 9f 3d 73 15 18 00 96 a6 fd 89 c0 fc ff ff 7f 5c 9c 5e 00 e9 ad fc 9c a5 fa ff ff 7f cf b1 5e 00 e6 0f 25 64 75 10 f1 68 40 ef 34 29 00 f4 74 43 63 1d 20 18 3b fb 77 69 f8 (108 bytes)
09:32:50.548 [DEBUG] [EEG] Packet #-251502592 marker=0x0 samples={O1:-36080.8uV, T3:309730.6uV, T4:75732.2uV, O2:373168.6uV}
09:32:50.672 [RX] [EEG] Raw data: 90 13 00 00 00 10 a3 21 f6 12 12 65 85 3c 35 30 17 00 7f d4 fd 81 e6 fc ff ff 7f 16 fb 5d 00 a0 82 fc 53 91 fa ff ff 7f 4a 53 5f 00 b2 61 24 f0 17 10 64 b2 41 55 e3 29 00 a1 8a 43 9c 1f 20 5b 37 fb 51 b4 f8 00 c9 83 22 8c 7a 12 e0 fc 3a e7 65 16 00 99 1e fe 60 18 fd ff ff 7f e5 26 5d 00 4b 56 fc fc 7b fa ff ff 7f 84 d1 5f (108 bytes)
09:32:50.673 [DEBUG] [EEG] Packet #-234725376 marker=0x0 samples={O1:235436.8uV, T3:-10986.6uV, T4:-6.2uV, O2:-384944.2uV}
09:32:50.850 [RX] [EEG] Raw data: 98 13 00 00 00 98 b3 23 2b bc 0f a1 df 42 31 78 2a 00 47 a0 43 c5 23 20 53 35 fb 2b ef f8 00 6a 0f 23 12 bc 12 ca d8 39 2c 96 15 00 5e 51 fe c4 3e fd 01 c2 7f c8 7e 5c 00 f4 26 fc ee 67 fa ff ff 7f ec 68 60 00 f8 fd 22 9a 59 0f cc 3d 44 2c 2e 2b 00 b3 a9 43 46 20 20 70 44 fb ef 3c f9 00 ba c9 23 8e 10 13 de 75 38 6c c6 14 (108 bytes)
09:32:50.850 [DEBUG] [EEG] Packet #-217948160 marker=0x0 samples={O1:-216294.7uV, T3:-356053.8uV, T4:-104819.1uV, O2:339918.0uV}
09:32:51.088 [RX] [EEG] Raw data: a0 13 00 00 00 75 99 fe c8 74 fd b4 46 7f a0 b8 5b 00 6c 02 fc 44 59 fa ff ff 7f 91 d7 60 00 0d 4e 22 a3 ff 0e ab 69 45 05 ac 2b 00 4f ad 43 3d 1d 20 99 60 fb fb 80 f9 00 fe 16 24 c0 38 13 35 82 37 c6 e1 13 00 5b b1 fe 7b 8b fd 99 ea 7e fe 34 5b 00 a7 d3 fb a1 44 fa ff ff 7f 22 89 61 00 8f 97 21 d2 9c 0e 63 cc 46 0b 79 2c (108 bytes)
09:32:51.088 [DEBUG] [EEG] Packet #-201170944 marker=0x0 samples={O1:-351280.2uV, T3:-141845.1uV, T4:311868.6uV, O2:35854.2uV}
09:32:51.209 [RX] [EEG] Raw data: a8 13 00 00 00 58 a8 43 2b 16 20 1c 91 fb 13 e1 f9 00 25 64 24 c3 5f 13 dd 90 36 dc fa 12 00 18 d1 fe 72 a6 fd 3b 98 7e 21 bd 5a 00 17 b0 fb 2b 34 fa ff ff 7f 55 3b 62 00 d6 ef 20 a9 42 0e f1 1d 48 1b 42 2d 00 ee a0 43 41 0a 20 3e d3 fb 76 5e fa 00 b7 83 24 79 72 13 1a bd 35 50 04 12 00 6d eb fe 45 c1 fd 95 3c 7e 07 1f 5a (108 bytes)
09:32:51.209 [DEBUG] [EEG] Packet #-184393728 marker=0x0 samples={O1:343505.8uV, T3:217993.0uV, T4:-333636.6uV, O2:22257.7uV}
09:32:51.221 [INFO] [BT] === stopSignal("Headband") ===
09:32:51.230 [TX] [BT] Stop write [0x2]
09:32:51.389 [RX] [EEG] Raw data: b0 13 00 00 00 93 8d fb 19 25 fa ff ff 7f 77 ea 62 00 6a 45 20 11 e2 0d 23 78 49 2d 1f 2e 00 1a b0 43 55 0a 20 e9 fd fb 16 cd fa 00 10 2e 25 1f c0 13 27 7b 34 40 3d 11 00 50 33 ff 88 ee fd de c5 7d d9 78 59 00 2b 6d fb 1a 14 fa ff ff 7f 27 81 63 00 ed 9e 1f d1 88 0d b0 a6 4a 4a c1 2e 00 12 bb 43 73 09 20 9d 23 fc 6f 33 fb (108 bytes)
09:32:51.389 [DEBUG] [EEG] Packet #-167616512 marker=0x0 samples={O1:58535.9uV, T3:359486.4uV, T4:-308935.8uV, O2:347509.6uV}
09:32:51.509 [RX] [EEG] Raw data: b8 13 00 00 00 01 df 25 c2 10 14 40 33 33 47 87 10 00 45 83 ff 4f 26 fe 33 44 7d 81 ad 58 00 6f 54 fb 5d 09 fa ff ff 7f 4f e8 63 00 42 00 1f b8 36 0d e2 d1 4b b2 59 2f 00 5c c5 43 b8 08 20 fb 59 fc d1 95 fb 00 ad 0e 27 e4 97 14 54 7b 31 a3 f1 0f 00 4a 14 00 41 8a fe cc 89 7c 95 87 57 00 64 3c fb f5 01 fa ff ff 7f d1 17 64 (108 bytes)
09:32:51.509 [DEBUG] [EEG] Packet #-150839296 marker=0x0 samples={O1:313244.4uV, T3:-34350.9uV, T4:-6.2uV, O2:-146589.5uV}
09:32:51.688 [RX] [EEG] Raw data: c0 13 00 00 00 6d 55 1e 9d de 0c 02 ed 4c aa c9 2f 00 f6 c4 43 9d 05 20 a0 7e fc f9 d3 fb 00 a9 fc 27 a7 02 15 36 f1 2f a6 3e 0f 00 64 77 00 91 d0 fe 15 e7 7b e3 7f 56 00 b8 1e fb 6c f6 f9 ff ff 7f 0c 56 64 00 3c a8 1d e6 85 0c 8b 16 4e 1c 43 30 00 fa ad 43 a0 f5 1f 30 d5 fc f0 2e fc 00 7f 9a 28 05 49 15 f7 a6 2e 3c 71 0e (108 bytes)
09:32:51.688 [DEBUG] [EEG] Packet #-134062080 marker=0x0 samples={O1:398756.8uV, T3:16517.1uV, T4:-26096.4uV, O2:188880.1uV}
09:32:51.809 [RX] [EEG] Raw data: c8 13 00 00 00 49 c8 f9 8c 93 f9 ff ff 7f d8 c4 6b 00 af 51 0f 45 b2 04 a9 0c 68 19 3e 3f 00 14 4c 3f 6d 90 1d ac 15 0a 2b e1 08 00 d0 f9 33 f6 3c 1a 0d 9a 16 8a db ff 00 52 f0 07 1d 00 04 a8 5a 6f f9 1e 43 00 b8 c5 f9 07 97 f9 ff ff 7f 13 e8 6b 00 06 b5 0e 31 5a 04 e9 32 69 15 10 40 00 84 f2 3e 41 63 1d 8c fc 0a 69 a1 09 (108 bytes)
09:32:51.809 [DEBUG] [EEG] Packet #-117284864 marker=0x0 samples={O1:-384543.0uV, T3:204334.9uV, T4:-359423.4uV, O2:330090.8uV}
09:32:51.989 [INFO] [BT] Notifications stopped
09:32:51.989 [SUCCESS] [BT] stopSignal: OK
09:33:12.468 [INFO] [BT] === disconnect("Headband") ===
09:33:12.468 [DEBUG] [BT] "Headband" state: connected -> disconnecting
09:33:12.468 [INFO] [BT] Calling gattServer.disconnect()
09:33:12.468 [WARN] [BT] gattserverdisconnected event for "Headband"
09:33:12.468 [DEBUG] [BT] "Headband" state: disconnecting -> disconnected
09:33:12.468 [INFO] [BT] disconnect() called OK