11:05:17.165 [INFO] [UI] App mounted
11:05:31.293 [INFO] [UI] Scanning...
11:05:31.293 [INFO] [BT] === scanAndAdd() ===
11:05:31.293 [INFO] [BT] >>> requestDevice()
11:05:31.293 [DEBUG] [BT] filters: [{"namePrefix":"Headband"},{"namePrefix":"Headphone"},{"namePrefix":"BrainBit"}]
11:05:31.293 [DEBUG] [BT] optionalServices: 7e400001-b534-f393-68a9-e50e24dcca95, 7e400001-b534-f393-68a9-e50e24dcca96, 00001800-0000-1000-8000-00805f9b34fb, 00001801-0000-1000-8000-00805f9b34fb, 0000180f-0000-1000-8000-00805f9b34fb
11:06:46.827 [SUCCESS] [BT] requestDevice OK: "Headband" id="cP6WYdwV+Ov3fk/330FIdA==" gatt=ok
11:06:46.827 [SUCCESS] [BT] scanAndAdd: "Headband" ready
11:06:46.827 [SUCCESS] [UI] Found: Headband
11:06:52.644 [INFO] [BT] === connect("Headband") attempt=1/3 ===
11:06:52.644 [DEBUG] [BT] "Headband": disconnected -> connecting
11:06:53.922 [DEBUG] [BT] "Headband": connecting -> connected
11:06:53.922 [INFO] [BT] liveGatt.connected=true, connection stable
11:06:55.274 [INFO] [BT] Battery = 69%
11:06:55.274 [SUCCESS] [BT] connect("Headband"): SUCCESS
11:06:58.068 [INFO] [BT] === startSignal("Headband") ===
11:06:58.068 [INFO] [BT] getPrimaryService(7e400001-b534-f393-68a9-e50e24dcca95)
11:06:58.069 [SUCCESS] [BT] Primary service acquired
11:06:58.070 [SUCCESS] [BT] Notify char OK: 7e400004-b534-f393-68a9-e50e24dcca95
11:06:58.071 [SUCCESS] [BT] Write char OK: 7e400003-b534-f393-68a9-e50e24dcca95
11:06:58.071 [INFO] [BT] startNotifications()...
11:06:58.213 [SUCCESS] [BT] Notifications started
11:06:58.213 [INFO] [BT] Notify listener attached
11:06:58.213 [INFO] [BT] Startup sequence: 4 steps
11:06:58.213 [TX] [BT] Step 1: [0x01] delay=1200ms
11:06:59.536 [TX] [BT] Step 2: [0x02] delay=50ms
11:06:59.707 [TX] [BT] Step 3: [0x08 0x01 0x03 0x01 0x03 0x01 0x03 0x01 0x03 0x01 0x01 0x01 0x01 0x01] delay=50ms
11:06:59.824 [TX] [BT] Step 4: [0x03] delay=0ms
11:06:59.953 [SUCCESS] [BT] startSignal("Headband"): SUCCESS
11:07:17.769 [INFO] [BT] === stopSignal("Headband") ===
11:07:17.772 [TX] [BT] Stop [0x2]
11:07:18.673 [INFO] [BT] Notifications stopped
11:07:24.932 [INFO] [BT] === validateProtocol("Headband") ===
11:07:24.932 [INFO] [BT] Checking primary service: 7e400001-b534-f393-68a9-e50e24dcca95
11:07:24.935 [SUCCESS] [BT] Primary service accessible
11:07:24.936 [INFO] [BT] Checking characteristics...
11:07:24.936 [INFO] [BT] Found 6 characteristics
11:07:24.937 [DEBUG] [BT]   Char 7e400002-b534-f393-68a9-e50e24dcca95: notify=true read=true write=false
11:07:25.033 [SUCCESS] [BT] Battery OK = 69%
11:07:25.033 [DEBUG] [BT]   Char 7e400003-b534-f393-68a9-e50e24dcca95: notify=false read=false write=true
11:07:25.033 [SUCCESS] [BT] Write OK (working=true)
11:07:25.033 [DEBUG] [BT]   Char 7e400004-b534-f393-68a9-e50e24dcca95: notify=true read=false write=false
11:07:25.033 [SUCCESS] [BT] Notify OK (working=true)
11:07:25.033 [DEBUG] [BT]   Char 7e400005-b534-f393-68a9-e50e24dcca95: notify=true read=false write=false
11:07:25.033 [DEBUG] [BT]   Char 7e400007-b534-f393-68a9-e50e24dcca95: notify=true read=false write=false
11:07:25.033 [DEBUG] [BT]   Char 7e400008-b534-f393-68a9-e50e24dcca95: notify=true read=false write=false
11:07:43.839 [INFO] [BT] === disconnect("Headband") state=connected connected=true ===
11:07:43.839 [DEBUG] [BT] "Headband": connected -> disconnecting
11:07:43.839 [INFO] [BT] Calling gattServer.disconnect()...
11:07:43.839 [WARN] [BT] gattserverdisconnected for "Headband"
11:07:43.839 [DEBUG] [BT] "Headband": disconnecting -> disconnected
11:07:43.839 [SUCCESS] [BT] gattServer.disconnect() called
11:07:43.839 [INFO] [BT] Waiting 2000ms for Android BLE stack cleanup...
11:07:45.843 [INFO] [BT] Disconnect complete, BLE stack should be clean