09:11:12.943 [INFO] [BT] Web Bluetooth supported: true
09:11:12.973 [INFO] [UI] App mounted — ready
09:12:57.602 [INFO] [UI] Scanning...
09:12:57.602 [INFO] [BT] === scanAndAdd() ===
09:12:57.602 [INFO] [BT] >>> requestDevice() called
09:12:57.602 [INFO] [BT] Web Bluetooth supported: true
09:12:57.602 [DEBUG] [BT] requestDevice filters: [{"namePrefix":"Headband"},{"namePrefix":"Headphone"},{"namePrefix":"BrainBit"}]
09:12:57.603 [DEBUG] [BT] requestDevice optionalServices: 7e400001-b534-f393-68a9-e50e24dcca95, 7e400001-b534-f393-68a9-e50e24dcca96
09:13:14.019 [SUCCESS] [BT] requestDevice resolved: name="Headband", id="cP6WYdwV+Ov3fk/330FIdA=="
09:13:14.020 [DEBUG] [BT] device.gatt = present (crucial!)
09:13:14.020 [INFO] [BT] Creating NeiryDevice for "Headband" (id=cP6WYdwV+Ov3fk/330FIdA==)
09:13:14.020 [DEBUG] [BT] detected deviceType: headband_pro
09:13:14.020 [DEBUG] [BT] serviceUUID: 7e400001-b534-f393-68a9-e50e24dcca95
09:13:14.020 [DEBUG] [BT] batteryUUID: 7e400001-b534-f393-68a9-e50e24dc0002ca95
09:13:14.020 [DEBUG] [BT] writeUUID: 7e400001-b534-f393-68a9-e50e24dc0003ca95
09:13:14.020 [DEBUG] [BT] notifyUUID: 7e400001-b534-f393-68a9-e50e24dc0004ca95
09:13:14.020 [DEBUG] [BT] channels: O1, T3, T4, O2
09:13:14.020 [DEBUG] [BT] needsSettingsPacket: true
09:13:14.020 [DEBUG] [BT] voltageRange=2.4, gain=6
09:13:14.021 [SUCCESS] [BT] scanAndAdd: device "Headband" ready (state=disconnected)
09:13:14.021 [SUCCESS] [UI] Found: Headband
09:13:33.316 [INFO] [BT] === connect("Headband") ===
09:13:33.316 [DEBUG] [BT] "Headband" state: disconnected -> connecting
09:13:33.316 [INFO] [BT] Calling gatt.connect()...
09:13:35.993 [INFO] [BT] === connect("Headband") ===
09:13:35.993 [INFO] [BT] Calling gatt.connect()...
09:13:39.808 [SUCCESS] [BT] gatt.connect() resolved OK
09:13:39.808 [DEBUG] [BT] "Headband" state: connecting -> connected
09:13:39.808 [INFO] [BT] Reading battery...
09:13:39.809 [DEBUG] [BT] readBattery: service=7e400001-b534-f393-68a9-e50e24dcca95
09:13:39.810 [SUCCESS] [BT] gatt.connect() resolved OK
09:13:39.810 [INFO] [BT] Reading battery...
09:13:39.810 [DEBUG] [BT] readBattery: service=7e400001-b534-f393-68a9-e50e24dcca95
09:13:40.941 [WARN] [BT] Battery read skipped: Failed to execute 'getCharacteristic' on 'BluetoothRemoteGATTService': Invalid Characteristic name: '7e400001-b534-f393-68a9-e50e24dc0002ca95'. It must be a valid UUID alias (e.g. 0x1234), UUID (lowercase hex characters e.g. '00001234-0000-1000-8000-00805f9b34fb'), or recognized standard name from https://www.bluetooth.com/specifications/gatt/characteristics e.g. 'aerobic_heart_rate_lower_limit'.
09:13:40.942 [SUCCESS] [BT] connect("Headband"): SUCCESS
09:13:40.942 [WARN] [BT] Battery read skipped: Failed to execute 'getCharacteristic' on 'BluetoothRemoteGATTService': Invalid Characteristic name: '7e400001-b534-f393-68a9-e50e24dc0002ca95'. It must be a valid UUID alias (e.g. 0x1234), UUID (lowercase hex characters e.g. '00001234-0000-1000-8000-00805f9b34fb'), or recognized standard name from https://www.bluetooth.com/specifications/gatt/characteristics e.g. 'aerobic_heart_rate_lower_limit'.
09:13:40.942 [SUCCESS] [BT] connect("Headband"): SUCCESS
09:13:48.864 [INFO] [BT] === validateProtocol("Headband") ===
09:13:48.864 [INFO] [BT] Enumerating primary services...
09:13:48.869 [INFO] [BT] Found 1 services:
09:13:48.869 [DEBUG] [BT]   Service: 7e400001-b534-f393-68a9-e50e24dcca95
09:13:48.869 [SUCCESS] [BT]   => MATCH: primary service 7e400001-b534-f393-68a9-e50e24dcca95
09:13:48.877 [INFO] [BT] Getting all characteristics...
09:13:48.883 [INFO] [BT] Found 6 characteristics:
09:13:48.883 [DEBUG] [BT]   Char: 7e400002-b534-f393-68a9-e50e24dcca95 props={notify:true,read:true,write:false}
09:13:48.883 [DEBUG] [BT]   Char: 7e400003-b534-f393-68a9-e50e24dcca95 props={notify:false,read:false,write:true}
09:13:48.883 [DEBUG] [BT]   Char: 7e400004-b534-f393-68a9-e50e24dcca95 props={notify:true,read:false,write:false}
09:13:48.883 [DEBUG] [BT]   Char: 7e400005-b534-f393-68a9-e50e24dcca95 props={notify:true,read:false,write:false}
09:13:48.883 [DEBUG] [BT]   Char: 7e400007-b534-f393-68a9-e50e24dcca95 props={notify:true,read:false,write:false}
09:13:48.883 [DEBUG] [BT]   Char: 7e400008-b534-f393-68a9-e50e24dcca95 props={notify:true,read:false,write:false}
09:13:48.883 [INFO] [BT] validateProtocol result: service=true, chars=0/0
09:14:06.805 [INFO] [BT] === startSignal("Headband") ===
09:14:06.805 [INFO] [BT] Getting primary service: 7e400001-b534-f393-68a9-e50e24dcca95
09:14:06.806 [SUCCESS] [BT] Primary service acquired
09:14:06.806 [INFO] [BT] Getting notify char: 7e400001-b534-f393-68a9-e50e24dc0004ca95
09:14:06.806 [ERROR] [BT] getCharacteristic FAILED: Failed to execute 'getCharacteristic' on 'BluetoothRemoteGATTService': Invalid Characteristic name: '7e400001-b534-f393-68a9-e50e24dc0004ca95'. It must be a valid UUID alias (e.g. 0x1234), UUID (lowercase hex characters e.g. '00001234-0000-1000-8000-00805f9b34fb'), or recognized standard name from https://www.bluetooth.com/specifications/gatt/characteristics e.g. 'aerobic_heart_rate_lower_limit'.
09:14:36.931 [INFO] [BT] === disconnect("Headband") ===
09:14:36.931 [DEBUG] [BT] "Headband" state: connected -> disconnecting
09:14:36.931 [INFO] [BT] Calling gattServer.disconnect()
09:14:36.931 [WARN] [BT] gattserverdisconnected event for "Headband"
09:14:36.931 [DEBUG] [BT] "Headband" state: disconnecting -> disconnected
09:14:36.931 [WARN] [BT] gattserverdisconnected event for "Headband"
09:14:36.931 [INFO] [BT] disconnect() called OK